<?xml version="1.0" encoding="UTF-8"?>
<testsuite xmlns:xsi="http://www.w3.org/2001/XMLSchema-instance" xsi:noNamespaceSchemaLocation="https://maven.apache.org/surefire/maven-surefire-plugin/xsd/surefire-test-report.xsd" version="3.0.2" name="ma.project.chat.client.net.ClientOptionsTest" time="0.075" tests="4" errors="0" skipped="0" failures="0">
  <properties>
[...]
</properties>
  <testcase name="defaultsWhenNoArgumentsAreSupplied" classname="ma.project.chat.client.net.ClientOptionsTest" time="0.036"/>
  <testcase name="parsesHostAndPortFromArguments" classname="ma.project.chat.client.net.ClientOptionsTest" time="0.003"/>
  <testcase name="rejectsOutOfRangePort" classname="ma.project.chat.client.net.ClientOptionsTest" time="0.003"/>
  <testcase name="rejectsInvalidPort" classname="ma.project.chat.client.net.ClientOptionsTest" time="0.002"/>
</testsuite>